  [1m[36m (374.8ms)[0m  [1mCREATE TABLE `schema_migrations` (`version` varchar(255) NOT NULL) ENGINE=InnoDB[0m
  [1m[35m (681.4ms)[0m  CREATE UNIQUE INDEX `unique_schema_migrations` ON `schema_migrations` (`version`) 
  [1m[36mActiveRecord::SchemaMigration Load (0.5ms)[0m  [1mSELECT `schema_migrations`.* FROM `schema_migrations`[0m
  [1m[36mActiveRecord::SchemaMigration Load (0.2ms)[0m  [1mSELECT `schema_migrations`.* FROM `schema_migrations`[0m
Migrating to CreateOnePagers (20131019140323)
  [1m[35m (308.9ms)[0m  CREATE TABLE `one_pagers` (`id` int(11) DEFAULT NULL auto_increment PRIMARY KEY, `user_id` int(11), `patent_name` varchar(255), `html_link` varchar(255), `pdf_link` varchar(255), `img_link` varchar(255), `company_name` varchar(255), `single_patent_num` varchar(15), `type` varchar(15), `mig_status` varchar(15), `created_status` tinyint(1), `email_status` tinyint(1), `comments` text, `date` date, `created_at` datetime, `updated_at` datetime) ENGINE=InnoDB
  [1m[36m (0.3ms)[0m  [1mBEGIN[0m
  [1m[35mSQL (0.4ms)[0m  INSERT INTO `schema_migrations` (`version`) VALUES ('20131019140323')
  [1m[36m (41.2ms)[0m  [1mCOMMIT[0m
  [1m[35mActiveRecord::SchemaMigration Load (0.5ms)[0m  SELECT `schema_migrations`.* FROM `schema_migrations`
  [1m[36mActiveRecord::SchemaMigration Load (0.3ms)[0m  [1mSELECT `schema_migrations`.* FROM `schema_migrations`[0m
Migrating to CreateOnePagersPatentNums (20131019141654)
  [1m[35m (394.6ms)[0m  CREATE TABLE `one_pagers_patent_nums` (`id` int(11) DEFAULT NULL auto_increment PRIMARY KEY, `one_pager_id` int(11), `patent_num` varchar(255), `created_at` datetime, `updated_at` datetime) ENGINE=InnoDB
  [1m[36m (0.2ms)[0m  [1mBEGIN[0m
  [1m[35mSQL (0.6ms)[0m  INSERT INTO `schema_migrations` (`version`) VALUES ('20131019141654')
  [1m[36m (116.9ms)[0m  [1mCOMMIT[0m
Migrating to CreateOnePagersTags (20131019141848)
  [1m[35m (536.4ms)[0m  CREATE TABLE `one_pagers_tags` (`id` int(11) DEFAULT NULL auto_increment PRIMARY KEY, `one_pager_id` int(11), `tag` varchar(20), `created_at` datetime, `updated_at` datetime) ENGINE=InnoDB
  [1m[36m (0.2ms)[0m  [1mBEGIN[0m
  [1m[35mSQL (0.5ms)[0m  INSERT INTO `schema_migrations` (`version`) VALUES ('20131019141848')
  [1m[36m (32.3ms)[0m  [1mCOMMIT[0m
Migrating to CreateUsers (20131019142044)
  [1m[35m (580.7ms)[0m  CREATE TABLE `users` (`id` int(11) DEFAULT NULL auto_increment PRIMARY KEY, `email` varchar(255), `password` varchar(16), `confirmed` tinyint(1), `one_pager_allowed` tinyint(1), `blocked` tinyint(1), `created_at` datetime, `updated_at` datetime) ENGINE=InnoDB
  [1m[36m (0.3ms)[0m  [1mBEGIN[0m
  [1m[35mSQL (0.5ms)[0m  INSERT INTO `schema_migrations` (`version`) VALUES ('20131019142044')
  [1m[36m (39.7ms)[0m  [1mCOMMIT[0m
Migrating to CreateAnonymousUsers (20131019142207)
  [1m[35m (327.6ms)[0m  CREATE TABLE `anonymous_users` (`id` int(11) DEFAULT NULL auto_increment PRIMARY KEY, `email` varchar(30), `counter` int(11), `created_at` datetime, `updated_at` datetime) ENGINE=InnoDB
  [1m[36m (0.3ms)[0m  [1mBEGIN[0m
  [1m[35mSQL (0.6ms)[0m  INSERT INTO `schema_migrations` (`version`) VALUES ('20131019142207')
  [1m[36m (36.3ms)[0m  [1mCOMMIT[0m
Migrating to CreateUserFavorites (20131019142411)
  [1m[35m (309.7ms)[0m  CREATE TABLE `user_favorites` (`id` int(11) DEFAULT NULL auto_increment PRIMARY KEY, `user_id` int(11), `one_pager_id` int(11), `created_at` datetime, `updated_at` datetime) ENGINE=InnoDB
  [1m[36m (0.3ms)[0m  [1mBEGIN[0m
  [1m[35mSQL (0.5ms)[0m  INSERT INTO `schema_migrations` (`version`) VALUES ('20131019142411')
  [1m[36m (36.4ms)[0m  [1mCOMMIT[0m
Migrating to CreateMigUsers (20131019142510)
  [1m[35m (368.2ms)[0m  CREATE TABLE `mig_users` (`id` int(11) DEFAULT NULL auto_increment PRIMARY KEY, `email` varchar(30), `password` varchar(16), `created_at` datetime, `updated_at` datetime) ENGINE=InnoDB
  [1m[36m (0.3ms)[0m  [1mBEGIN[0m
  [1m[35mSQL (0.6ms)[0m  INSERT INTO `schema_migrations` (`version`) VALUES ('20131019142510')
  [1m[36m (43.9ms)[0m  [1mCOMMIT[0m
  [1m[35mActiveRecord::SchemaMigration Load (0.5ms)[0m  SELECT `schema_migrations`.* FROM `schema_migrations`
